<beans xmlns="http://www.springframework.org/schema/beans"
	xmlns:context="http://www.springframework.org/schema/context"
	xmlns:mvc="http://www.springframework.org/schema/mvc" xmlns:xsi="http://www.w3.org/2001/XMLSchema-instance"
	xsi:schemaLocation="
   http://www.springframework.org/schema/beans     
   http://www.springframework.org/schema/beans/spring-beans-3.0.xsd
   http://www.springframework.org/schema/context 
   http://www.springframework.org/schema/context/spring-context-3.0.xsd
   http://www.springframework.org/schema/mvc
   http://www.springframework.org/schema/mvc/spring-mvc-3.0.xsd
   http://www.springframework.org/schema/web-services
   http://www.springframework.org/schema/web-services/web-services.xsd">


	<bean id="ordineDAO" class="it.begear.dao.OrdineDAOImpl" />
	
	<bean id="cameriereDAO" class="it.begear.dao.CameriereDAOImpl" />
	
	<bean id="prodottoDAO" class="it.begear.dao.ProdottoDAOImpl" />
	
	<bean id="order" class="it.begear.model.Ordine" />
	
	<bean id="product" class="it.begear.model.Prodotto" />
	
	<bean id="waiter" class="it.begear.model.Cameriere" />

</beans>